-------------------------------------------------------------------------------
Test set: com.mkyong.BookServiceTest
-------------------------------------------------------------------------------
Tests run: 1, Failures: 0, Errors: 1, Skipped: 0, Time elapsed: 0.028 s <<< FAILURE! - in com.mkyong.BookServiceTest
initializationError(com.mkyong.BookServiceTest)  Time elapsed: 0.005 s  <<< ERROR!
java.lang.TypeNotPresentException: Type org.springframework.test.context.junit4.SpringRunner not present
Caused by: java.lang.ClassNotFoundException: org.springframework.test.context.junit4.SpringRunner

