<?xml version="1.0" encoding="UTF-8"?>
<testsuite xmlns:xsi="http://www.w3.org/2001/XMLSchema-instance" xsi:noNamespaceSchemaLocation="https://maven.apache.org/surefire/maven-surefire-plugin/xsd/surefire-test-report.xsd" name="com.mkyong.BookServiceTest" time="0.028" tests="1" errors="1" skipped="0" failures="0">
  <properties>
[...]
</properties>
  <testcase name="initializationError" classname="com.mkyong.BookServiceTest" time="0.005">
    <error message="Type org.springframework.test.context.junit4.SpringRunner not present" type="java.lang.TypeNotPresentException">java.lang.TypeNotPresentException: Type org.springframework.test.context.junit4.SpringRunner not present
Caused by: java.lang.ClassNotFoundException: org.springframework.test.context.junit4.SpringRunner
</error>
  </testcase>
</testsuite>